0 info it worked if it ends with ok
1 verbose cli [ 'C:\\Program Files\\nodejs\\node.exe',
1 verbose cli   'C:\\Program Files\\nodejs\\node_modules\\npm\\bin\\npm-cli.js',
1 verbose cli   'install',
1 verbose cli   '-g',
1 verbose cli   'ionic' ]
2 info using npm@2.14.20
3 info using node@v4.4.0
4 verbose install initial load of C:\Users\396149\AppData\Roaming\npm\package.json
5 verbose readDependencies loading dependencies from C:\Users\396149\AppData\Roaming\npm\package.json
6 silly cache add args [ 'ionic', null ]
7 verbose cache add spec ionic
8 silly cache add parsed spec Result {
8 silly cache add   raw: 'ionic',
8 silly cache add   scope: null,
8 silly cache add   name: null,
8 silly cache add   rawSpec: 'ionic',
8 silly cache add   spec: 'C:\\ctsFest\\ionic',
8 silly cache add   type: 'local' }
9 silly addLocalTarball shasum (computed) da39a3ee5e6b4b0d3255bfef95601890afd80709
10 verbose addTmpTarball C:\ctsFest\ionic not in flight; adding
11 verbose correctMkdir C:\Users\396149\AppData\Roaming\npm-cache correctMkdir not in flight; initializing
12 verbose makeDirectory C:\Users\396149\AppData\Roaming\npm-cache creation not in flight; initializing
13 verbose makeCacheDir UID & GID are irrelevant on win32
14 verbose addTmpTarball validating metadata from C:\ctsFest\ionic
15 verbose tar unpack C:\ctsFest\ionic
16 verbose tar unpacking to C:\Users\396149\AppData\Local\Temp\npm-9276-91df5b82\unpack-8116a21269a2
17 silly gentlyRm C:\Users\396149\AppData\Local\Temp\npm-9276-91df5b82\unpack-8116a21269a2 is being purged
18 verbose gentlyRm don't care about contents; nuking C:\Users\396149\AppData\Local\Temp\npm-9276-91df5b82\unpack-8116a21269a2
19 silly gunzTarPerm modes [ '777', '666' ]
20 error tar.unpack error reading C:\ctsFest\ionic
21 error addLocal Could not install C:\ctsFest\ionic
22 verbose stack Error: 0-byte tarball
22 verbose stack Please run `npm cache clean`
22 verbose stack     at C:\Program Files\nodejs\node_modules\npm\lib\utils\tar.js:126:14
22 verbose stack     at FSReqWrap.oncomplete (fs.js:82:15)
23 verbose cwd C:\ctsFest
24 error Windows_NT 6.1.7601
25 error argv "C:\\Program Files\\nodejs\\node.exe" "C:\\Program Files\\nodejs\\node_modules\\npm\\bin\\npm-cli.js" "install" "-g" "ionic"
26 error node v4.4.0
27 error npm  v2.14.20
28 error 0-byte tarball
28 error Please run `npm cache clean`
29 error If you need help, you may report this error at:
29 error     <https://github.com/npm/npm/issues>
30 verbose exit [ 1, true ]
